[debug] [2023-03-10T03:33:15.181Z] ----------------------------------------------------------------------
[debug] [2023-03-10T03:33:15.183Z] Command:       C:\Program Files\nodejs\node.exe C:\Users\user\AppData\Roaming\npm\node_modules\firebase-tools\lib\bin\firebase.js init hosting:github
[debug] [2023-03-10T03:33:15.183Z] CLI Version:   11.24.0
[debug] [2023-03-10T03:33:15.183Z] Platform:      win32
[debug] [2023-03-10T03:33:15.183Z] Node Version:  v16.17.1
[debug] [2023-03-10T03:33:15.187Z] Time:          Fri Mar 10 2023 11:33:15 GMT+0800 (台北標準時間)
[debug] [2023-03-10T03:33:15.188Z] ----------------------------------------------------------------------
[debug] 
[debug] [2023-03-10T03:33:15.197Z] >>> [apiv2][query] GET https://firebase-public.firebaseio.com/cli.json [none]
[debug] [2023-03-10T03:33:15.317Z] > command requires scopes: ["email","openid","https://www.googleapis.com/auth/cloudplatformprojects.readonly","https://www.googleapis.com/auth/firebase","https://www.googleapis.com/auth/cloud-platform"]
[debug] [2023-03-10T03:33:15.318Z] > authorizing via signed-in user (youngox9@gmail.com)
[info] 
     ######## #### ########  ######## ########     ###     ######  ########
     ##        ##  ##     ## ##       ##     ##  ##   ##  ##       ##
     ######    ##  ########  ######   ########  #########  ######  ######
     ##        ##  ##    ##  ##       ##     ## ##     ##       ## ##
     ##       #### ##     ## ######## ########  ##     ##  ######  ########

You're about to initialize a Firebase project in this directory:

  C:\Users\user\create-todo-app

Before we get started, keep in mind:

  * You are initializing within an existing Firebase project directory

[warn] !  Unable to fetch the CLI MOTD and remote config. 
[debug] [2023-03-10T03:33:36.391Z] Failed to fetch MOTD FirebaseError: Failed to make request to https://firebase-public.firebaseio.com/cli.json
[info] 
=== Project Setup
[info] 
[info] First, let's associate this project directory with a Firebase project.
[info] You can create multiple project aliases by running firebase use --add, 
[info] but for now we'll just set up a default project.
[info] 
[debug] [2023-03-10T03:33:46.122Z] Using project from CLI flag: create-todo-app
[debug] [2023-03-10T03:33:46.124Z] > refreshing access token with scopes: []
[debug] [2023-03-10T03:33:46.125Z] >>> [apiv2][query] POST https://www.googleapis.com/oauth2/v3/token [none]
[debug] [2023-03-10T03:33:46.126Z] >>> [apiv2][body] POST https://www.googleapis.com/oauth2/v3/token [omitted]
[debug] [2023-03-10T03:33:46.264Z] <<< [apiv2][status] POST https://www.googleapis.com/oauth2/v3/token 200
[debug] [2023-03-10T03:33:46.265Z] <<< [apiv2][body] POST https://www.googleapis.com/oauth2/v3/token [omitted]
[debug] [2023-03-10T03:33:46.292Z] >>> [apiv2][query] GET https://firebase.googleapis.com/v1beta1/projects/create-todo-app [none]
[debug] [2023-03-10T03:33:46.558Z] <<< [apiv2][status] GET https://firebase.googleapis.com/v1beta1/projects/create-todo-app 403
[debug] [2023-03-10T03:33:46.559Z] <<< [apiv2][body] GET https://firebase.googleapis.com/v1beta1/projects/create-todo-app {"error":{"code":403,"message":"The caller does not have permission","status":"PERMISSION_DENIED"}}
[debug] [2023-03-10T03:33:46.559Z] HTTP Error: 403, The caller does not have permission
[debug] [2023-03-10T03:33:51.584Z] Error: Timed out.
    at Timeout._onTimeout (C:\Users\user\AppData\Roaming\npm\node_modules\firebase-tools\lib\utils.js:253:49)
    at listOnTimeout (node:internal/timers:559:17)
    at processTimers (node:internal/timers:502:7)
[error] 
[error] Error: An unexpected error has occurred.
